0:0:0:0:0:0:0:1 - - [17/May/2020:20:51:33 +0800] "GET /swagger-ui.html HTTP/1.1" 200 3318
0:0:0:0:0:0:0:1 - - [17/May/2020:20:51:34 +0800] "GET /webjars/springfox-swagger-ui/swagger-ui.css?v=2.9.2 HTTP/1.1" 200 154488
0:0:0:0:0:0:0:1 - - [17/May/2020:20:51:34 +0800] "GET /webjars/springfox-swagger-ui/swagger-ui-standalone-preset.js?v=2.9.2 HTTP/1.1" 200 440850
0:0:0:0:0:0:0:1 - - [17/May/2020:20:51:34 +0800] "GET /webjars/springfox-swagger-ui/springfox.js?v=2.9.2 HTTP/1.1" 200 96207
0:0:0:0:0:0:0:1 - - [17/May/2020:20:51:34 +0800] "GET /webjars/springfox-swagger-ui/springfox.css?v=2.9.2 HTTP/1.1" 200 2894
0:0:0:0:0:0:0:1 - - [17/May/2020:20:51:34 +0800] "GET /webjars/springfox-swagger-ui/swagger-ui-bundle.js?v=2.9.2 HTTP/1.1" 200 1448844
0:0:0:0:0:0:0:1 - - [17/May/2020:20:51:34 +0800] "GET /webjars/springfox-swagger-ui/favicon-32x32.png?v=2.9.2 HTTP/1.1" 200 1141
0:0:0:0:0:0:0:1 - - [17/May/2020:20:51:34 +0800] "GET /swagger-resources/configuration/ui HTTP/1.1" 200 462
0:0:0:0:0:0:0:1 - - [17/May/2020:20:51:34 +0800] "GET /swagger-resources/configuration/security HTTP/1.1" 200 12
0:0:0:0:0:0:0:1 - - [17/May/2020:20:51:34 +0800] "GET /swagger-resources HTTP/1.1" 200 101
0:0:0:0:0:0:0:1 - - [17/May/2020:20:51:34 +0800] "GET / HTTP/1.1" 404 132
0:0:0:0:0:0:0:1 - - [17/May/2020:20:51:34 +0800] "GET /v2/api-docs HTTP/1.1" 200 1015
0:0:0:0:0:0:0:1 - - [17/May/2020:20:51:34 +0800] "GET /webjars/springfox-swagger-ui/fonts/titillium-web-v6-latin-700.woff2 HTTP/1.1" 200 11640
0:0:0:0:0:0:0:1 - - [17/May/2020:20:51:34 +0800] "GET /csrf HTTP/1.1" 404 136
0:0:0:0:0:0:0:1 - - [17/May/2020:20:51:34 +0800] "GET /webjars/springfox-swagger-ui/fonts/open-sans-v15-latin-700.woff2 HTTP/1.1" 200 14720
0:0:0:0:0:0:0:1 - - [17/May/2020:20:51:34 +0800] "GET /webjars/springfox-swagger-ui/fonts/source-code-pro-v7-latin-300.woff2 HTTP/1.1" 200 13292
0:0:0:0:0:0:0:1 - - [17/May/2020:20:51:34 +0800] "GET /webjars/springfox-swagger-ui/fonts/open-sans-v15-latin-regular.woff2 HTTP/1.1" 200 14048
0:0:0:0:0:0:0:1 - - [17/May/2020:20:51:36 +0800] "GET /webjars/springfox-swagger-ui/fonts/source-code-pro-v7-latin-600.woff2 HTTP/1.1" 200 12956
0:0:0:0:0:0:0:1 - - [17/May/2020:20:51:37 +0800] "GET /webjars/springfox-swagger-ui/fonts/titillium-web-v6-latin-regular.woff2 HTTP/1.1" 200 12264
0:0:0:0:0:0:0:1 - - [17/May/2020:20:51:59 +0800] "POST /user HTTP/1.1" 500 148
0:0:0:0:0:0:0:1 - - [17/May/2020:20:51:59 +0800] "GET /webjars/springfox-swagger-ui/fonts/titillium-web-v6-latin-600.woff2 HTTP/1.1" 200 12148
0:0:0:0:0:0:0:1 - - [17/May/2020:20:53:09 +0800] "POST /user HTTP/1.1" 500 204
0:0:0:0:0:0:0:1 - - [17/May/2020:20:55:03 +0800] "POST /user HTTP/1.1" 500 204
0:0:0:0:0:0:0:1 - - [17/May/2020:20:56:42 +0800] "POST /user HTTP/1.1" 500 204
0:0:0:0:0:0:0:1 - - [17/May/2020:21:03:10 +0800] "POST /user HTTP/1.1" 500 260
0:0:0:0:0:0:0:1 - - [17/May/2020:21:13:08 +0800] "POST /user HTTP/1.1" 500 260
0:0:0:0:0:0:0:1 - - [17/May/2020:21:18:20 +0800] "POST /user HTTP/1.1" 500 260
0:0:0:0:0:0:0:1 - - [17/May/2020:21:20:33 +0800] "POST /user HTTP/1.1" 500 260
0:0:0:0:0:0:0:1 - - [17/May/2020:21:22:54 +0800] "POST /user HTTP/1.1" 500 260
0:0:0:0:0:0:0:1 - - [17/May/2020:21:24:47 +0800] "POST /user HTTP/1.1" 500 260
0:0:0:0:0:0:0:1 - - [17/May/2020:21:29:46 +0800] "POST /user HTTP/1.1" 200 27
0:0:0:0:0:0:0:1 - - [17/May/2020:21:30:28 +0800] "POST /user HTTP/1.1" 500 304
0:0:0:0:0:0:0:1 - - [17/May/2020:21:30:48 +0800] "POST /user HTTP/1.1" 500 137
0:0:0:0:0:0:0:1 - - [17/May/2020:21:34:06 +0800] "POST /user HTTP/1.1" 500 137
0:0:0:0:0:0:0:1 - - [17/May/2020:21:34:52 +0800] "POST /user HTTP/1.1" 500 137
0:0:0:0:0:0:0:1 - - [17/May/2020:21:37:10 +0800] "POST /user HTTP/1.1" 500 137
0:0:0:0:0:0:0:1 - - [17/May/2020:21:37:57 +0800] "POST /user HTTP/1.1" 500 137
0:0:0:0:0:0:0:1 - - [17/May/2020:21:52:02 +0800] "POST /user HTTP/1.1" 500 137
0:0:0:0:0:0:0:1 - - [17/May/2020:21:52:42 +0800] "POST /user HTTP/1.1" 500 137
0:0:0:0:0:0:0:1 - - [17/May/2020:21:53:24 +0800] "POST /user HTTP/1.1" 200 27
0:0:0:0:0:0:0:1 - - [29/May/2020:16:12:52 +0800] "GET /swagger-ui.html HTTP/1.1" 200 3318
0:0:0:0:0:0:0:1 - - [29/May/2020:16:12:52 +0800] "GET /webjars/springfox-swagger-ui/springfox.css?v=2.9.2 HTTP/1.1" 200 2894
0:0:0:0:0:0:0:1 - - [29/May/2020:16:12:52 +0800] "GET /webjars/springfox-swagger-ui/swagger-ui.css?v=2.9.2 HTTP/1.1" 200 154488
0:0:0:0:0:0:0:1 - - [29/May/2020:16:12:52 +0800] "GET /webjars/springfox-swagger-ui/springfox.js?v=2.9.2 HTTP/1.1" 200 96207
0:0:0:0:0:0:0:1 - - [29/May/2020:16:12:52 +0800] "GET /webjars/springfox-swagger-ui/swagger-ui-standalone-preset.js?v=2.9.2 HTTP/1.1" 200 440850
0:0:0:0:0:0:0:1 - - [29/May/2020:16:12:52 +0800] "GET /webjars/springfox-swagger-ui/swagger-ui-bundle.js?v=2.9.2 HTTP/1.1" 200 1448844
0:0:0:0:0:0:0:1 - - [29/May/2020:16:12:52 +0800] "GET /webjars/springfox-swagger-ui/favicon-32x32.png?v=2.9.2 HTTP/1.1" 200 1141
0:0:0:0:0:0:0:1 - - [29/May/2020:16:12:52 +0800] "GET /swagger-resources/configuration/ui HTTP/1.1" 200 462
0:0:0:0:0:0:0:1 - - [29/May/2020:16:12:52 +0800] "GET /swagger-resources/configuration/security HTTP/1.1" 200 12
0:0:0:0:0:0:0:1 - - [29/May/2020:16:12:52 +0800] "GET /swagger-resources HTTP/1.1" 200 101
0:0:0:0:0:0:0:1 - - [29/May/2020:16:12:52 +0800] "GET / HTTP/1.1" 404 132
0:0:0:0:0:0:0:1 - - [29/May/2020:16:12:53 +0800] "GET /v2/api-docs HTTP/1.1" 200 1354
0:0:0:0:0:0:0:1 - - [29/May/2020:16:12:53 +0800] "GET /webjars/springfox-swagger-ui/fonts/titillium-web-v6-latin-700.woff2 HTTP/1.1" 200 11640
0:0:0:0:0:0:0:1 - - [29/May/2020:16:12:53 +0800] "GET /csrf HTTP/1.1" 404 136
0:0:0:0:0:0:0:1 - - [29/May/2020:16:12:53 +0800] "GET /webjars/springfox-swagger-ui/fonts/open-sans-v15-latin-700.woff2 HTTP/1.1" 200 14720
0:0:0:0:0:0:0:1 - - [29/May/2020:16:12:53 +0800] "GET /webjars/springfox-swagger-ui/fonts/source-code-pro-v7-latin-300.woff2 HTTP/1.1" 200 13292
0:0:0:0:0:0:0:1 - - [29/May/2020:16:12:53 +0800] "GET /webjars/springfox-swagger-ui/fonts/open-sans-v15-latin-regular.woff2 HTTP/1.1" 200 14048
0:0:0:0:0:0:0:1 - - [29/May/2020:16:12:54 +0800] "GET /webjars/springfox-swagger-ui/fonts/source-code-pro-v7-latin-600.woff2 HTTP/1.1" 200 12956
0:0:0:0:0:0:0:1 - - [29/May/2020:16:12:56 +0800] "GET /webjars/springfox-swagger-ui/fonts/titillium-web-v6-latin-regular.woff2 HTTP/1.1" 200 12264
0:0:0:0:0:0:0:1 - - [29/May/2020:16:14:00 +0800] "GET /swagger-ui.html HTTP/1.1" 304 -
0:0:0:0:0:0:0:1 - - [29/May/2020:16:14:07 +0800] "GET /swagger-ui.html HTTP/1.1" 304 -
0:0:0:0:0:0:0:1 - - [29/May/2020:16:14:07 +0800] "GET /webjars/springfox-swagger-ui/favicon-32x32.png?v=2.9.2 HTTP/1.1" 200 1141
0:0:0:0:0:0:0:1 - - [29/May/2020:16:14:07 +0800] "GET /swagger-resources/configuration/ui HTTP/1.1" 200 462
0:0:0:0:0:0:0:1 - - [29/May/2020:16:14:07 +0800] "GET /swagger-resources/configuration/security HTTP/1.1" 200 12
0:0:0:0:0:0:0:1 - - [29/May/2020:16:14:07 +0800] "GET /swagger-resources HTTP/1.1" 200 101
0:0:0:0:0:0:0:1 - - [29/May/2020:16:14:07 +0800] "GET / HTTP/1.1" 404 132
0:0:0:0:0:0:0:1 - - [29/May/2020:16:14:07 +0800] "GET /v2/api-docs HTTP/1.1" 200 1420
0:0:0:0:0:0:0:1 - - [29/May/2020:16:14:07 +0800] "GET /csrf HTTP/1.1" 404 136
0:0:0:0:0:0:0:1 - - [29/May/2020:16:14:17 +0800] "POST /log/custom HTTP/1.1" 200 3
0:0:0:0:0:0:0:1 - - [29/May/2020:16:14:17 +0800] "GET /webjars/springfox-swagger-ui/fonts/titillium-web-v6-latin-600.woff2 HTTP/1.1" 200 12148
0:0:0:0:0:0:0:1 - - [29/May/2020:16:24:59 +0800] "POST /log/custom HTTP/1.1" 200 3
